2020-08-19 12:30:40,056  INFO [main] CRMProject:53 - chrome broswer initilaized
2020-08-19 12:30:43,917  INFO [main] CRMProject:82 - Url opened 
2020-08-19 12:30:58,491  INFO [main] CRMProject:53 - chrome broswer initilaized
2020-08-19 12:31:02,435  INFO [main] CRMProject:82 - Url opened 
2020-08-19 12:31:18,604  INFO [main] CRMProject:53 - chrome broswer initilaized
2020-08-19 12:31:22,423  INFO [main] CRMProject:82 - Url opened 
2020-08-19 12:31:38,413  INFO [main] CRMProject:53 - chrome broswer initilaized
2020-08-19 12:31:42,334  INFO [main] CRMProject:82 - Url opened 
2020-08-19 12:31:58,383  INFO [main] CRMProject:53 - chrome broswer initilaized
2020-08-19 12:32:03,251  INFO [main] CRMProject:82 - Url opened 
2020-08-19 12:32:08,093  INFO [main] CRMProject:53 - chrome broswer initilaized
2020-08-19 12:32:12,068  INFO [main] CRMProject:82 - Url opened 
2020-08-19 12:32:26,792  INFO [main] CRMProject:53 - chrome broswer initilaized
2020-08-19 12:32:30,755  INFO [main] CRMProject:82 - Url opened 
2020-08-19 12:32:44,641  INFO [main] CRMProject:53 - chrome broswer initilaized
2020-08-19 12:32:48,798  INFO [main] CRMProject:82 - Url opened 
2020-08-19 12:33:02,849  INFO [main] CRMProject:53 - chrome broswer initilaized
2020-08-19 12:33:07,730  INFO [main] CRMProject:82 - Url opened 
2020-08-19 12:33:21,625  INFO [main] CRMProject:53 - chrome broswer initilaized
2020-08-19 12:33:25,471  INFO [main] CRMProject:82 - Url opened 
2020-08-19 12:33:39,368  INFO [main] CRMProject:53 - chrome broswer initilaized
2020-08-19 12:33:44,417  INFO [main] CRMProject:82 - Url opened 
2020-08-19 12:33:58,335  INFO [main] CRMProject:53 - chrome broswer initilaized
2020-08-19 12:34:02,423  INFO [main] CRMProject:82 - Url opened 
2020-08-19 12:34:16,452  INFO [main] CRMProject:53 - chrome broswer initilaized
2020-08-19 12:34:21,302  INFO [main] CRMProject:82 - Url opened 
2020-08-19 12:34:21,314  INFO [main] CRMProject:32 - verifying login page title
2020-08-19 12:34:24,996  INFO [main] CRMProject:53 - chrome broswer initilaized
2020-08-19 12:34:28,878  INFO [main] CRMProject:82 - Url opened 
2020-08-19 12:34:28,880  INFO [main] CRMProject:38 - verifying login page logo
2020-08-19 12:34:32,778  INFO [main] CRMProject:53 - chrome broswer initilaized
2020-08-19 12:34:36,564  INFO [main] CRMProject:82 - Url opened 
2020-08-19 12:34:36,565  INFO [main] CRMProject:44 - verifying login page credentials
